Start testing: Dec 03 12:51 RTZ 2 (ceia)
----------------------------------------------------------
1/3 Testing: test-1
1/3 Test: test-1
Command: "D:/UselessProgramms/CLion 2022.2.4/bin/cmake/win/bin/cmake.exe" "-DTEST_DIR=C:/Users/artem/Documents/C_assembly/lab3/tester/tests/1" "-DIMAGE_TRANSFORMER=C:/Users/artem/Documents/C_assembly/lab3/cmake-build-debug/solution/image-transformer.exe" "-DIMAGE_MATCHER=C:/Users/artem/Documents/C_assembly/lab3/cmake-build-debug/tester/image-matcher.exe" "-P" "C:/Users/artem/Documents/C_assembly/lab3/tester/tester.cmake"
Directory: C:/Users/artem/Documents/C_assembly/lab3/cmake-build-debug/tester
"test-1" start time: Dec 03 12:51 RTZ 2 (ceia)
Output:
----------------------------------------------------------
<end of output>
Test time =   0.15 sec
----------------------------------------------------------
Test Passed.
"test-1" end time: Dec 03 12:51 RTZ 2 (ceia)
"test-1" time elapsed: 00:00:00
----------------------------------------------------------

2/3 Testing: test-2
2/3 Test: test-2
Command: "D:/UselessProgramms/CLion 2022.2.4/bin/cmake/win/bin/cmake.exe" "-DTEST_DIR=C:/Users/artem/Documents/C_assembly/lab3/tester/tests/2" "-DIMAGE_TRANSFORMER=C:/Users/artem/Documents/C_assembly/lab3/cmake-build-debug/solution/image-transformer.exe" "-DIMAGE_MATCHER=C:/Users/artem/Documents/C_assembly/lab3/cmake-build-debug/tester/image-matcher.exe" "-P" "C:/Users/artem/Documents/C_assembly/lab3/tester/tester.cmake"
Directory: C:/Users/artem/Documents/C_assembly/lab3/cmake-build-debug/tester
"test-2" start time: Dec 03 12:51 RTZ 2 (ceia)
Output:
----------------------------------------------------------
<end of output>
Test time =   0.10 sec
----------------------------------------------------------
Test Passed.
"test-2" end time: Dec 03 12:51 RTZ 2 (ceia)
"test-2" time elapsed: 00:00:00
----------------------------------------------------------

3/3 Testing: test-3
3/3 Test: test-3
Command: "D:/UselessProgramms/CLion 2022.2.4/bin/cmake/win/bin/cmake.exe" "-DTEST_DIR=C:/Users/artem/Documents/C_assembly/lab3/tester/tests/3" "-DIMAGE_TRANSFORMER=C:/Users/artem/Documents/C_assembly/lab3/cmake-build-debug/solution/image-transformer.exe" "-DIMAGE_MATCHER=C:/Users/artem/Documents/C_assembly/lab3/cmake-build-debug/tester/image-matcher.exe" "-P" "C:/Users/artem/Documents/C_assembly/lab3/tester/tester.cmake"
Directory: C:/Users/artem/Documents/C_assembly/lab3/cmake-build-debug/tester
"test-3" start time: Dec 03 12:51 RTZ 2 (ceia)
Output:
----------------------------------------------------------
<end of output>
Test time =   0.05 sec
----------------------------------------------------------
Test Passed.
"test-3" end time: Dec 03 12:51 RTZ 2 (ceia)
"test-3" time elapsed: 00:00:00
----------------------------------------------------------

End testing: Dec 03 12:51 RTZ 2 (ceia)
